::1 - - [26/Sep/2021:18:39:11 +0000] "GET / HTTP/1.1" 200 3746 "-" "Mozilla/5.0 (Macintosh; Intel Mac OS X 10_13_6) AppleWebKit/537.36 (KHTML, like Gecko) Chrome/93.0.4577.82 Safari/537.36"
::1 - - [26/Sep/2021:18:39:11 +0000] "GET /js/home_post.js HTTP/1.1" 404 154 "http://localhost:8000/" "Mozilla/5.0 (Macintosh; Intel Mac OS X 10_13_6) AppleWebKit/537.36 (KHTML, like Gecko) Chrome/93.0.4577.82 Safari/537.36"
::1 - - [26/Sep/2021:18:49:57 +0000] "GET / HTTP/1.1" 304 - "-" "Mozilla/5.0 (Macintosh; Intel Mac OS X 10_13_6) AppleWebKit/537.36 (KHTML, like Gecko) Chrome/93.0.4577.82 Safari/537.36"
::1 - - [26/Sep/2021:18:49:58 +0000] "GET /js/home_post.js HTTP/1.1" 404 154 "http://localhost:8000/" "Mozilla/5.0 (Macintosh; Intel Mac OS X 10_13_6) AppleWebKit/537.36 (KHTML, like Gecko) Chrome/93.0.4577.82 Safari/537.36"
::1 - - [26/Sep/2021:18:50:52 +0000] "GET / HTTP/1.1" 200 3737 "-" "Mozilla/5.0 (Macintosh; Intel Mac OS X 10_13_6) AppleWebKit/537.36 (KHTML, like Gecko) Chrome/93.0.4577.82 Safari/537.36"
::1 - - [26/Sep/2021:18:50:52 +0000] "GET /js/home_post.js HTTP/1.1" 404 154 "http://localhost:8000/" "Mozilla/5.0 (Macintosh; Intel Mac OS X 10_13_6) AppleWebKit/537.36 (KHTML, like Gecko) Chrome/93.0.4577.82 Safari/537.36"
::1 - - [26/Sep/2021:18:50:52 +0000] "GET /js/home_post.js HTTP/1.1" 404 154 "http://localhost:8000/" "Mozilla/5.0 (Macintosh; Intel Mac OS X 10_13_6) AppleWebKit/537.36 (KHTML, like Gecko) Chrome/93.0.4577.82 Safari/537.36"
::1 - - [26/Sep/2021:18:55:13 +0000] "GET / HTTP/1.1" 304 - "-" "Mozilla/5.0 (Macintosh; Intel Mac OS X 10_13_6) AppleWebKit/537.36 (KHTML, like Gecko) Chrome/93.0.4577.82 Safari/537.36"
::1 - - [26/Sep/2021:18:55:13 +0000] "GET /js/home_post.js HTTP/1.1" 404 154 "http://localhost:8000/" "Mozilla/5.0 (Macintosh; Intel Mac OS X 10_13_6) AppleWebKit/537.36 (KHTML, like Gecko) Chrome/93.0.4577.82 Safari/537.36"
::1 - - [26/Sep/2021:18:55:16 +0000] "GET / HTTP/1.1" 200 3737 "-" "Mozilla/5.0 (Macintosh; Intel Mac OS X 10_13_6) AppleWebKit/537.36 (KHTML, like Gecko) Chrome/93.0.4577.82 Safari/537.36"
::1 - - [26/Sep/2021:18:55:16 +0000] "GET /js/home_post.js HTTP/1.1" 404 154 "http://localhost:5000/" "Mozilla/5.0 (Macintosh; Intel Mac OS X 10_13_6) AppleWebKit/537.36 (KHTML, like Gecko) Chrome/93.0.4577.82 Safari/537.36"
::1 - - [26/Sep/2021:18:55:17 +0000] "GET /favicon.ico HTTP/1.1" 404 150 "http://localhost:5000/" "Mozilla/5.0 (Macintosh; Intel Mac OS X 10_13_6) AppleWebKit/537.36 (KHTML, like Gecko) Chrome/93.0.4577.82 Safari/537.36"
::1 - - [26/Sep/2021:18:58:10 +0000] "GET /js/home_post.js HTTP/1.1" 404 154 "http://localhost:8000/" "Mozilla/5.0 (Macintosh; Intel Mac OS X 10_13_6) AppleWebKit/537.36 (KHTML, like Gecko) Chrome/93.0.4577.82 Safari/537.36"
::1 - - [26/Sep/2021:19:04:55 +0000] "GET / HTTP/1.1" 304 - "-" "Mozilla/5.0 (Macintosh; Intel Mac OS X 10_13_6) AppleWebKit/537.36 (KHTML, like Gecko) Chrome/93.0.4577.82 Safari/537.36"
::1 - - [26/Sep/2021:19:04:55 +0000] "GET /js/home_post.js HTTP/1.1" 404 154 "http://localhost:8000/" "Mozilla/5.0 (Macintosh; Intel Mac OS X 10_13_6) AppleWebKit/537.36 (KHTML, like Gecko) Chrome/93.0.4577.82 Safari/537.36"
::1 - - [26/Sep/2021:19:08:54 +0000] "GET / HTTP/1.1" 304 - "-" "Mozilla/5.0 (Macintosh; Intel Mac OS X 10_13_6) AppleWebKit/537.36 (KHTML, like Gecko) Chrome/93.0.4577.82 Safari/537.36"
::1 - - [26/Sep/2021:19:08:54 +0000] "GET /js/home_post.js HTTP/1.1" 404 154 "http://localhost:8000/" "Mozilla/5.0 (Macintosh; Intel Mac OS X 10_13_6) AppleWebKit/537.36 (KHTML, like Gecko) Chrome/93.0.4577.82 Safari/537.36"
::1 - - [26/Sep/2021:19:08:54 +0000] "GET /js/home_post.js HTTP/1.1" 404 154 "http://localhost:8000/" "Mozilla/5.0 (Macintosh; Intel Mac OS X 10_13_6) AppleWebKit/537.36 (KHTML, like Gecko) Chrome/93.0.4577.82 Safari/537.36"
::1 - - [26/Sep/2021:19:10:55 +0000] "GET / HTTP/1.1" 304 - "-" "Mozilla/5.0 (Macintosh; Intel Mac OS X 10_13_6) AppleWebKit/537.36 (KHTML, like Gecko) Chrome/93.0.4577.82 Safari/537.36"
::1 - - [26/Sep/2021:19:10:55 +0000] "GET /js/home_post.js HTTP/1.1" 404 154 "http://localhost:8000/" "Mozilla/5.0 (Macintosh; Intel Mac OS X 10_13_6) AppleWebKit/537.36 (KHTML, like Gecko) Chrome/93.0.4577.82 Safari/537.36"
::1 - - [26/Sep/2021:19:10:55 +0000] "GET /js/home_post.js HTTP/1.1" 404 154 "http://localhost:8000/" "Mozilla/5.0 (Macintosh; Intel Mac OS X 10_13_6) AppleWebKit/537.36 (KHTML, like Gecko) Chrome/93.0.4577.82 Safari/537.36"
::1 - - [26/Sep/2021:19:12:17 +0000] "GET / HTTP/1.1" 304 - "-" "Mozilla/5.0 (Macintosh; Intel Mac OS X 10_13_6) AppleWebKit/537.36 (KHTML, like Gecko) Chrome/93.0.4577.82 Safari/537.36"
::1 - - [26/Sep/2021:19:12:17 +0000] "GET /js/home_post.js HTTP/1.1" 404 154 "http://localhost:8000/" "Mozilla/5.0 (Macintosh; Intel Mac OS X 10_13_6) AppleWebKit/537.36 (KHTML, like Gecko) Chrome/93.0.4577.82 Safari/537.36"
::1 - - [26/Sep/2021:19:12:17 +0000] "GET /js/home_post.js HTTP/1.1" 404 154 "http://localhost:8000/" "Mozilla/5.0 (Macintosh; Intel Mac OS X 10_13_6) AppleWebKit/537.36 (KHTML, like Gecko) Chrome/93.0.4577.82 Safari/537.36"
::1 - - [26/Sep/2021:19:16:28 +0000] "GET / HTTP/1.1" 304 - "-" "Mozilla/5.0 (Macintosh; Intel Mac OS X 10_13_6) AppleWebKit/537.36 (KHTML, like Gecko) Chrome/93.0.4577.82 Safari/537.36"
::1 - - [26/Sep/2021:19:16:29 +0000] "GET /js/home_post.js HTTP/1.1" 404 154 "http://localhost:8000/" "Mozilla/5.0 (Macintosh; Intel Mac OS X 10_13_6) AppleWebKit/537.36 (KHTML, like Gecko) Chrome/93.0.4577.82 Safari/537.36"
::1 - - [26/Sep/2021:19:17:43 +0000] "GET / HTTP/1.1" 200 2741 "-" "Mozilla/5.0 (Macintosh; Intel Mac OS X 10_13_6) AppleWebKit/537.36 (KHTML, like Gecko) Chrome/93.0.4577.82 Safari/537.36"
::1 - - [26/Sep/2021:19:17:43 +0000] "GET /js/home_post.js HTTP/1.1" 404 154 "http://localhost:8000/" "Mozilla/5.0 (Macintosh; Intel Mac OS X 10_13_6) AppleWebKit/537.36 (KHTML, like Gecko) Chrome/93.0.4577.82 Safari/537.36"
::1 - - [26/Sep/2021:19:17:44 +0000] "GET /js/home_post.js HTTP/1.1" 404 154 "http://localhost:8000/" "Mozilla/5.0 (Macintosh; Intel Mac OS X 10_13_6) AppleWebKit/537.36 (KHTML, like Gecko) Chrome/93.0.4577.82 Safari/537.36"
::1 - - [26/Sep/2021:19:17:47 +0000] "GET /users/sign-in HTTP/1.1" 200 2029 "http://localhost:8000/" "Mozilla/5.0 (Macintosh; Intel Mac OS X 10_13_6) AppleWebKit/537.36 (KHTML, like Gecko) Chrome/93.0.4577.82 Safari/537.36"
::1 - - [26/Sep/2021:19:17:49 +0000] "GET /users/auth/google HTTP/1.1" 302 0 "http://localhost:8000/users/sign-in" "Mozilla/5.0 (Macintosh; Intel Mac OS X 10_13_6) AppleWebKit/537.36 (KHTML, like Gecko) Chrome/93.0.4577.82 Safari/537.36"
::1 - - [26/Sep/2021:19:17:58 +0000] "POST /users/create-session HTTP/1.1" 302 46 "http://localhost:8000/users/sign-in" "Mozilla/5.0 (Macintosh; Intel Mac OS X 10_13_6) AppleWebKit/537.36 (KHTML, like Gecko) Chrome/93.0.4577.82 Safari/537.36"
::1 - - [26/Sep/2021:19:17:58 +0000] "GET / HTTP/1.1" 200 3957 "http://localhost:8000/users/sign-in" "Mozilla/5.0 (Macintosh; Intel Mac OS X 10_13_6) AppleWebKit/537.36 (KHTML, like Gecko) Chrome/93.0.4577.82 Safari/537.36"
::1 - - [26/Sep/2021:19:17:58 +0000] "GET /js/home_post.js HTTP/1.1" 404 154 "http://localhost:8000/" "Mozilla/5.0 (Macintosh; Intel Mac OS X 10_13_6) AppleWebKit/537.36 (KHTML, like Gecko) Chrome/93.0.4577.82 Safari/537.36"
